{
  "RSpec": {
    "coverage": {
      "/Users/robertclayton/Projects/oystercard-day3/spec/journey_spec.rb": [
        1,
        1,
        null,
        1,
        4,
        4,
        4,
        null,
        1,
        2,
        2,
        null,
        null,
        1,
        1,
        1,
        1,
        null,
        null,
        1,
        1,
        1,
        null,
        null,
        1,
        null,
        null,
        null,
        1,
        null,
        null,
        null,
        1,
        1,
        1,
        1,
        null,
        null,
        1,
        null,
        null,
        null,
        1,
        null,
        1,
        null,
        null,
        null,
        1,
        1,
        1,
        null,
        null,
        null,
        null,
        null,
        null,
        null,
        null,
        null,
        null,
        null,
        null,
        null,
        null,
        null,
        null,
        null,
        null,
        null,
        null,
        null,
        null,
        null,
        null,
        null,
        null,
        null,
        null,
        null,
        null,
        null,
        null,
        null,
        null,
        null,
        null,
        null,
        null,
        null,
        null,
        null,
        null,
        null,
        null,
        null,
        null,
        null,
        null,
        null,
        null,
        null,
        null,
        null,
        null,
        null,
        null
      ],
      "/Users/robertclayton/Projects/oystercard-day3/lib/journey.rb": [
        1,
        1,
        1,
        1,
        null,
        1,
        24,
        24,
        null,
        null,
        1,
        14,
        null,
        null,
        1,
        2,
        null,
        null,
        1,
        10,
        null,
        null,
        1,
        6,
        null,
        null,
        1,
        6,
        null,
        null
      ],
      "/Users/robertclayton/Projects/oystercard-day3/lib/oystercard.rb": [
        1,
        null,
        null,
        1,
        1,
        null,
        null,
        1,
        null,
        1,
        18,
        18,
        18,
        null,
        null,
        1,
        16,
        15,
        null,
        null,
        1,
        null,
        null,
        null,
        11,
        0,
        null,
        0,
        0,
        null,
        11,
        10,
        null,
        null,
        1,
        null,
        null,
        6,
        0,
        null,
        null,
        null,
        null,
        null,
        null,
        6,
        6,
        null,
        6,
        6,
        null,
        null,
        1,
        14,
        null,
        null,
        1,
        1,
        null,
        null,
        1,
        null,
        1,
        6,
        null,
        null,
        1,
        6,
        null,
        null,
        1,
        6,
        null,
        null
      ],
      "/Users/robertclayton/Projects/oystercard-day3/spec/oystercard_spec.rb": [
        1,
        null,
        1,
        5,
        12,
        1,
        null,
        1,
        11,
        null,
        null,
        1,
        3,
        3,
        null,
        null,
        1,
        2,
        null,
        null,
        1,
        1,
        1,
        null,
        null,
        1,
        1,
        null,
        null,
        null,
        1,
        1,
        1,
        null,
        null,
        1,
        1,
        1,
        1,
        2,
        null,
        null,
        null,
        1,
        1,
        1,
        1,
        null,
        null,
        1,
        1,
        2,
        null,
        null,
        null,
        1,
        1,
        1,
        1,
        null,
        null,
        1,
        1,
        1,
        null,
        null,
        1,
        1,
        1,
        null,
        null,
        null,
        1,
        1,
        1,
        1,
        null,
        null,
        null,
        1,
        1,
        1,
        1,
        1,
        1,
        1,
        1,
        null,
        null,
        null
      ],
      "/Users/robertclayton/Projects/oystercard-day3/spec/station_spec.rb": [
        1,
        null,
        1,
        null,
        3,
        null,
        1,
        1,
        1,
        null,
        null,
        1,
        1,
        null,
        null,
        null
      ],
      "/Users/robertclayton/Projects/oystercard-day3/lib/station.rb": [
        1,
        null,
        1,
        null,
        1,
        2,
        2,
        null,
        null
      ]
    },
    "timestamp": 1509706672
  }
}
