{
  "RSpec": {
    "coverage": {
      "/Users/robertclayton/Projects/oystercard_day5/spec/journey_spec.rb": [
        1,
        1,
        1,
        null,
        1,
        8,
        7,
        7,
        7,
        1,
        null,
        1,
        3,
        3,
        null,
        null,
        1,
        2,
        2,
        2,
        null,
        null,
        1,
        1,
        1,
        1,
        null,
        null,
        null,
        1,
        1,
        1,
        null,
        null,
        1,
        1,
        1,
        1,
        null,
        null,
        1,
        1,
        1,
        1,
        null,
        null,
        1,
        1,
        1,
        null,
        null,
        null,
        1,
        1,
        1,
        1,
        null,
        null,
        null,
        1,
        1,
        1,
        1,
        null,
        null,
        null
      ],
      "/Users/robertclayton/Projects/oystercard_day5/lib/journey.rb": [
        null,
        1,
        1,
        null,
        1,
        1,
        null,
        1,
        45,
        45,
        null,
        null,
        1,
        25,
        null,
        null,
        1,
        15,
        null,
        null,
        1,
        20,
        null,
        null,
        1,
        14,
        null,
        null,
        1,
        18,
        null,
        null
      ],
      "/Users/robertclayton/Projects/oystercard_day5/lib/journeylog.rb": [
        1,
        null,
        null,
        1,
        1,
        null,
        1,
        27,
        27,
        27,
        null,
        null,
        null,
        1,
        20,
        null,
        null,
        null,
        1,
        14,
        14,
        null,
        null,
        null,
        1,
        7,
        null,
        null,
        1,
        24,
        null,
        null,
        1,
        15,
        null,
        null,
        1,
        21,
        3,
        3,
        null,
        null,
        null,
        1,
        14,
        4,
        null,
        null,
        null,
        1,
        17,
        null,
        null,
        1,
        25,
        null,
        null,
        1,
        null,
        1,
        null,
        null,
        null,
        null,
        null,
        null,
        1,
        17,
        17,
        null,
        null,
        1,
        17,
        null,
        null,
        1,
        17,
        null,
        null
      ],
      "/Users/robertclayton/Projects/oystercard_day5/lib/oystercard.rb": [
        1,
        1,
        null,
        null,
        1,
        1,
        null,
        1,
        null,
        1,
        31,
        31,
        null,
        null,
        1,
        28,
        27,
        null,
        null,
        1,
        21,
        21,
        20,
        null,
        null,
        1,
        14,
        14,
        14,
        null,
        null,
        1,
        1,
        null,
        null,
        1,
        null,
        1,
        17,
        null,
        null,
        1,
        21,
        21,
        21,
        null,
        null,
        1,
        4,
        4,
        4,
        null,
        null,
        1,
        10,
        10,
        null,
        null
      ],
      "/Users/robertclayton/Projects/oystercard_day5/spec/journeylog_spec.rb": [
        1,
        1,
        1,
        null,
        1,
        11,
        11,
        9,
        9,
        null,
        1,
        null,
        1,
        2,
        2,
        null,
        null,
        1,
        4,
        4,
        4,
        null,
        null,
        1,
        1,
        1,
        null,
        null,
        null,
        1,
        1,
        1,
        1,
        null,
        null,
        null,
        1,
        1,
        1,
        1,
        null,
        null,
        null,
        1,
        1,
        1,
        1,
        null,
        null,
        null,
        1,
        1,
        1,
        null,
        null,
        null,
        1,
        1,
        1,
        1,
        null,
        null,
        null,
        1,
        1,
        1,
        1,
        null,
        null,
        1,
        1,
        1,
        1,
        null,
        null,
        1,
        1,
        1,
        1,
        null,
        null,
        null,
        1,
        1,
        1,
        1,
        1,
        1,
        1,
        1,
        null,
        null,
        null
      ],
      "/Users/robertclayton/Projects/oystercard_day5/lib/station.rb": [
        null,
        1,
        1,
        null,
        1,
        2,
        2,
        null,
        null
      ],
      "/Users/robertclayton/Projects/oystercard_day5/spec/oystercard_spec.rb": [
        1,
        1,
        1,
        null,
        1,
        12,
        12,
        7,
        12,
        8,
        null,
        1,
        11,
        null,
        null,
        1,
        3,
        3,
        null,
        null,
        1,
        2,
        null,
        null,
        1,
        1,
        1,
        null,
        null,
        1,
        1,
        null,
        null,
        null,
        1,
        1,
        1,
        null,
        null,
        1,
        1,
        1,
        1,
        2,
        null,
        null,
        null,
        1,
        1,
        1,
        1,
        null,
        null,
        1,
        1,
        2,
        null,
        null,
        null,
        1,
        1,
        1,
        1,
        null,
        null,
        1,
        1,
        1,
        null,
        null,
        null,
        1,
        1,
        1,
        1,
        null,
        null,
        1,
        1,
        1,
        1,
        null,
        null,
        1,
        1,
        1,
        1,
        null,
        null,
        null
      ],
      "/Users/robertclayton/Projects/oystercard_day5/spec/station_spec.rb": [
        1,
        null,
        1,
        3,
        null,
        1,
        1,
        1,
        null,
        null,
        1,
        1,
        null,
        null,
        null
      ]
    },
    "timestamp": 1509749659
  }
}
